<?xml version="1.0" encoding="UTF-8"?>
<!-- Generated by org.testng.reporters.JUnitXMLReporter -->
<testsuite hostname="51-C04-018" name="Default test" tests="4" failures="0" timestamp="13 Jan 2018 07:50:16 GMT" time="2.247" errors="0">
  <testcase name="doGet" time="1.259" classname="com.example.FormTest"/>
  <testcase name="doGet" time="0.038" classname="com.example.FormTest"/>
  <testcase name="doGet" time="0.069" classname="com.example.FormTest"/>
  <testcase name="doGet" time="0.025" classname="com.example.FormTest"/>
</testsuite> <!-- Default test -->
